# JRE version: OpenJDK Runtime Environment (8.0_76-b03) (build 1.8.0_76-release-b03)
# Java VM: OpenJDK 64-Bit Server VM (25.76-b03 mixed mode windows-amd64 compressed oops)
Heap:
 PSYoungGen      total 436224K, used 326741K [0x00000000e0000000, 0x00000000ffc80000, 0x0000000100000000)
  eden space 354816K, 90% used [0x00000000e0000000,0x00000000f3a4b328,0x00000000f5a80000)
  from space 81408K, 6% used [0x00000000f5a80000,0x00000000f5f4a1a0,0x00000000faa00000)
  to   space 78848K, 0% used [0x00000000faf80000,0x00000000faf80000,0x00000000ffc80000)
 ParOldGen       total 203776K, used 44412K [0x00000000a0000000, 0x00000000ac700000, 0x00000000e0000000)
  object space 203776K, 21% used [0x00000000a0000000,0x00000000a2b5f170,0x00000000ac700000)
 Metaspace       used 79363K, capacity 85522K, committed 86576K, reserved 1124352K
  class space    used 9961K, capacity 10762K, committed 11056K, reserved 1048576K
GC Heap History (10 events):
Event: 3940.062 GC heap before
{Heap before GC invocations=84 (full 14):
 PSYoungGen      total 424960K, used 339540K [0x00000000e0000000, 0x0000000100000000, 0x0000000100000000)
  eden space 336384K, 99% used [0x00000000e0000000,0x00000000f47b5008,0x00000000f4880000)
  from space 88576K, 4% used [0x00000000f4880000,0x00000000f4c60070,0x00000000f9f00000)
  to   space 88064K, 0% used [0x00000000faa00000,0x00000000faa00000,0x0000000100000000)
 ParOldGen       total 203776K, used 109190K [0x00000000a0000000, 0x00000000ac700000, 0x00000000e0000000)
  object space 203776K, 53% used [0x00000000a0000000,0x00000000a6aa1870,0x00000000ac700000)
 Metaspace       used 79482K, capacity 85388K, committed 86320K, reserved 1124352K
  class space    used 9989K, capacity 10813K, committed 11056K, reserved 1048576K
Event: 3940.068 GC heap after
Heap after GC invocations=84 (full 14):
 PSYoungGen      total 431104K, used 6045K [0x00000000e0000000, 0x00000000ffb80000, 0x0000000100000000)
  eden space 347648K, 0% used [0x00000000e0000000,0x00000000e0000000,0x00000000f5380000)
  from space 83456K, 7% used [0x00000000faa00000,0x00000000fafe7430,0x00000000ffb80000)
  to   space 86016K, 0% used [0x00000000f5380000,0x00000000f5380000,0x00000000fa780000)
 ParOldGen       total 203776K, used 109352K [0x00000000a0000000, 0x00000000ac700000, 0x00000000e0000000)
  object space 203776K, 53% used [0x00000000a0000000,0x00000000a6aca138,0x00000000ac700000)
 Metaspace       used 79482K, capacity 85388K, committed 86320K, reserved 1124352K
  class space    used 9989K, capacity 10813K, committed 11056K, reserved 1048576K
}
Event: 3940.688 GC heap before
{Heap before GC invocations=85 (full 14):
 PSYoungGen      total 431104K, used 353340K [0x00000000e0000000, 0x00000000ffb80000, 0x0000000100000000)
  eden space 347648K, 99% used [0x00000000e0000000,0x00000000f5327ec8,0x00000000f5380000)
  from space 83456K, 7% used [0x00000000faa00000,0x00000000fafe7430,0x00000000ffb80000)
  to   space 86016K, 0% used [0x00000000f5380000,0x00000000f5380000,0x00000000fa780000)
 ParOldGen       total 203776K, used 109352K [0x00000000a0000000, 0x00000000ac700000, 0x00000000e0000000)
  object space 203776K, 53% used [0x00000000a0000000,0x00000000a6aca138,0x00000000ac700000)
 Metaspace       used 79676K, capacity 85636K, committed 86576K, reserved 1124352K
  class space    used 10023K, capacity 10853K, committed 11056K, reserved 1048576K
Event: 3940.698 GC heap after
Heap after GC invocations=85 (full 14):
 PSYoungGen      total 433664K, used 9393K [0x00000000e0000000, 0x00000000ffc80000, 0x0000000100000000)
  eden space 347648K, 0% used [0x00000000e0000000,0x00000000e0000000,0x00000000f5380000)
  from space 86016K, 10% used [0x00000000f5380000,0x00000000f5cac750,0x00000000fa780000)
  to   space 82944K, 0% used [0x00000000fab80000,0x00000000fab80000,0x00000000ffc80000)
 ParOldGen       total 203776K, used 113664K [0x00000000a0000000, 0x00000000ac700000, 0x00000000e0000000)
  object space 203776K, 55% used [0x00000000a0000000,0x00000000a6f00240,0x00000000ac700000)
 Metaspace       used 79676K, capacity 85636K, committed 86576K, reserved 1124352K
  class space    used 10023K, capacity 10853K, committed 11056K, reserved 1048576K
}
Event: 3940.933 GC heap before
{Heap before GC invocations=86 (full 14):
 PSYoungGen      total 433664K, used 278906K [0x00000000e0000000, 0x00000000ffc80000, 0x0000000100000000)
  eden space 347648K, 77% used [0x00000000e0000000,0x00000000f0732208,0x00000000f5380000)
  from space 86016K, 10% used [0x00000000f5380000,0x00000000f5cac750,0x00000000fa780000)
  to   space 82944K, 0% used [0x00000000fab80000,0x00000000fab80000,0x00000000ffc80000)
 ParOldGen       total 203776K, used 113664K [0x00000000a0000000, 0x00000000ac700000, 0x00000000e0000000)
  object space 203776K, 55% used [0x00000000a0000000,0x00000000a6f00240,0x00000000ac700000)
 Metaspace       used 79677K, capacity 85636K, committed 86576K, reserved 1124352K
  class space    used 10023K, capacity 10853K, committed 11056K, reserved 1048576K
Event: 3940.938 GC heap after
Heap after GC invocations=86 (full 14):
 PSYoungGen      total 434688K, used 192K [0x00000000e0000000, 0x00000000ff980000, 0x0000000100000000)
  eden space 354816K, 0% used [0x00000000e0000000,0x00000000e0000000,0x00000000f5a80000)
  from space 79872K, 0% used [0x00000000fab80000,0x00000000fabb0000,0x00000000ff980000)
  to   space 81408K, 0% used [0x00000000f5a80000,0x00000000f5a80000,0x00000000faa00000)
 ParOldGen       total 203776K, used 113864K [0x00000000a0000000, 0x00000000ac700000, 0x00000000e0000000)
  object space 203776K, 55% used [0x00000000a0000000,0x00000000a6f32240,0x00000000ac700000)
 Metaspace       used 79677K, capacity 85636K, committed 86576K, reserved 1124352K
  class space    used 10023K, capacity 10853K, committed 11056K, reserved 1048576K
}
Event: 3940.938 GC heap before
{Heap before GC invocations=87 (full 15):
 PSYoungGen      total 434688K, used 192K [0x00000000e0000000, 0x00000000ff980000, 0x0000000100000000)
  eden space 354816K, 0% used [0x00000000e0000000,0x00000000e0000000,0x00000000f5a80000)
  from space 79872K, 0% used [0x00000000fab80000,0x00000000fabb0000,0x00000000ff980000)
  to   space 81408K, 0% used [0x00000000f5a80000,0x00000000f5a80000,0x00000000faa00000)
 ParOldGen       total 203776K, used 113864K [0x00000000a0000000, 0x00000000ac700000, 0x00000000e0000000)
  object space 203776K, 55% used [0x00000000a0000000,0x00000000a6f32240,0x00000000ac700000)
 Metaspace       used 79677K, capacity 85636K, committed 86576K, reserved 1124352K
  class space    used 10023K, capacity 10853K, committed 11056K, reserved 1048576K
Event: 3941.256 GC heap after
Heap after GC invocations=87 (full 15):
 PSYoungGen      total 434688K, used 0K [0x00000000e0000000, 0x00000000ff980000, 0x0000000100000000)
  eden space 354816K, 0% used [0x00000000e0000000,0x00000000e0000000,0x00000000f5a80000)
  from space 79872K, 0% used [0x00000000fab80000,0x00000000fab80000,0x00000000ff980000)
  to   space 81408K, 0% used [0x00000000f5a80000,0x00000000f5a80000,0x00000000faa00000)
 ParOldGen       total 203776K, used 44404K [0x00000000a0000000, 0x00000000ac700000, 0x00000000e0000000)
  object space 203776K, 21% used [0x00000000a0000000,0x00000000a2b5d170,0x00000000ac700000)
 Metaspace       used 78899K, capacity 84746K, committed 86576K, reserved 1124352K
  class space    used 9897K, capacity 10686K, committed 11056K, reserved 1048576K
}
Event: 4024.042 GC heap before
{Heap before GC invocations=88 (full 15):
 PSYoungGen      total 434688K, used 354816K [0x00000000e0000000, 0x00000000ff980000, 0x0000000100000000)
  eden space 354816K, 100% used [0x00000000e0000000,0x00000000f5a80000,0x00000000f5a80000)
  from space 79872K, 0% used [0x00000000fab80000,0x00000000fab80000,0x00000000ff980000)
  to   space 81408K, 0% used [0x00000000f5a80000,0x00000000f5a80000,0x00000000faa00000)
 ParOldGen       total 203776K, used 44404K [0x00000000a0000000, 0x00000000ac700000, 0x00000000e0000000)
  object space 203776K, 21% used [0x00000000a0000000,0x00000000a2b5d170,0x00000000ac700000)
 Metaspace       used 79258K, capacity 85340K, committed 86576K, reserved 1124352K
  class space    used 9950K, capacity 10749K, committed 11056K, reserved 1048576K
Event: 4024.048 GC heap after
Heap after GC invocations=88 (full 15):
 PSYoungGen      total 436224K, used 4904K [0x00000000e0000000, 0x00000000ffc80000, 0x0000000100000000)
  eden space 354816K, 0% used [0x00000000e0000000,0x00000000e0000000,0x00000000f5a80000)
  from space 81408K, 6% used [0x00000000f5a80000,0x00000000f5f4a1a0,0x00000000faa00000)
  to   space 78848K, 0% used [0x00000000faf80000,0x00000000faf80000,0x00000000ffc80000)
 ParOldGen       total 203776K, used 44412K [0x00000000a0000000, 0x00000000ac700000, 0x00000000e0000000)
  object space 203776K, 21% used [0x00000000a0000000,0x00000000a2b5f170,0x00000000ac700000)
 Metaspace       used 79258K, capacity 85340K, committed 86576K, reserved 1124352K
  class space    used 9950K, capacity 10749K, committed 11056K, reserved 1048576K
}

